<?xml version="1.0" encoding="UTF-8"?>
<testng-results ignored="0" total="5" passed="5" failed="0" skipped="0">
  <reporter-output>
  </reporter-output>
  <suite started-at="2024-05-04T09:43:31 IST" name="Default suite" finished-at="2024-05-04T09:43:43 IST" duration-ms="11675">
    <groups>
    </groups>
    <test started-at="2024-05-04T09:43:31 IST" name="Default test" finished-at="2024-05-04T09:43:43 IST" duration-ms="11675">
      <class name="testScripts.ParallelExecutionTest">
        <test-method signature="register()[pri:0, instance:testScripts.ParallelExecutionTest@29215f06]" started-at="2024-05-04T09:43:31 IST" name="register" finished-at="2024-05-04T09:43:36 IST" duration-ms="5150" status="PASS">
          <reporter-output>
          </reporter-output>
        </test-method> <!-- register -->
        <test-method signature="register()[pri:0, instance:testScripts.ParallelExecutionTest@29215f06]" started-at="2024-05-04T09:43:36 IST" name="register" finished-at="2024-05-04T09:43:38 IST" duration-ms="1676" status="PASS">
          <reporter-output>
          </reporter-output>
        </test-method> <!-- register -->
        <test-method signature="register()[pri:0, instance:testScripts.ParallelExecutionTest@29215f06]" started-at="2024-05-04T09:43:38 IST" name="register" finished-at="2024-05-04T09:43:39 IST" duration-ms="1564" status="PASS">
          <reporter-output>
          </reporter-output>
        </test-method> <!-- register -->
        <test-method signature="register()[pri:0, instance:testScripts.ParallelExecutionTest@29215f06]" started-at="2024-05-04T09:43:39 IST" name="register" finished-at="2024-05-04T09:43:41 IST" duration-ms="1546" status="PASS">
          <reporter-output>
          </reporter-output>
        </test-method> <!-- register -->
        <test-method signature="register()[pri:0, instance:testScripts.ParallelExecutionTest@29215f06]" started-at="2024-05-04T09:43:41 IST" name="register" finished-at="2024-05-04T09:43:43 IST" duration-ms="1651" status="PASS">
          <reporter-output>
          </reporter-output>
        </test-method> <!-- register -->
      </class> <!-- testScripts.ParallelExecutionTest -->
    </test> <!-- Default test -->
  </suite> <!-- Default suite -->
</testng-results>
