<?xml version="1.0" encoding="UTF-8"?>
<!-- Generated by org.testng.reporters.JUnitXMLReporter -->
<testsuite ignored="1" hostname="ABDULAJEES" failures="0" tests="5" name="Default test" time="11.675" errors="0" timestamp="2024-05-04T09:43:43 IST">
  <testcase classname="testScripts.ParallelExecutionTest" name="register" time="5.15"/>
  <testcase classname="testScripts.ParallelExecutionTest" name="register" time="1.676"/>
  <testcase classname="testScripts.ParallelExecutionTest" name="register" time="1.564"/>
  <testcase classname="testScripts.ParallelExecutionTest" name="register" time="1.546"/>
  <testcase classname="testScripts.ParallelExecutionTest" name="register" time="1.651"/>
  <testcase classname="testScripts.ParallelExecutionTest" name="login" time="0.0">
    <ignored/>
  </testcase> <!-- login -->
</testsuite> <!-- Default test -->
